2022-01-04 10:42:31,777 - root - DEBUG - [(1, 'Brownie', 50, 100, 1), (2, 'Tiramisu', 55, 100, 1), (3, 'Macaron', 40, 100, 1), (4, 'Scone', 35, 100, 1), (5, 'Cheesecake', 50, 100, 1), (6, 'Sundae', 45, 0, 0)]
2022-01-04 10:42:31,778 - root - INFO - list - Successfully
2022-01-04 10:42:31,778 - root - DEBUG - list - {"statusCode": 200, "msg": "Successfully", "list": [{"id": 1, "item": "Brownie", "price": 50, "quantity": 100}, {"id": 2, "item": "Tiramisu", "price": 55, "quantity": 100}, {"id": 3, "item": "Macaron", "price": 40, "quantity": 100}, {"id": 4, "item": "Scone", "price": 35, "quantity": 100}, {"id": 5, "item": "Cheesecake", "price": 50, "quantity": 100}]}
2022-01-04 10:42:46,997 - root - DEBUG - [(1, 'Brownie', 50, 100, 1), (2, 'Tiramisu', 55, 100, 1), (3, 'Macaron', 40, 100, 1), (4, 'Scone', 35, 100, 1), (5, 'Cheesecake', 50, 100, 1), (6, 'Sundae', 45, 0, 0)]
2022-01-04 10:42:46,998 - root - INFO - list - Successfully
2022-01-04 10:42:46,998 - root - DEBUG - list - {"statusCode": 200, "msg": "Successfully", "list": [{"id": 1, "item": "Brownie", "price": 50, "quantity": 100}, {"id": 2, "item": "Tiramisu", "price": 55, "quantity": 100}, {"id": 3, "item": "Macaron", "price": 40, "quantity": 100}, {"id": 4, "item": "Scone", "price": 35, "quantity": 100}, {"id": 5, "item": "Cheesecake", "price": 50, "quantity": 100}]}
2022-01-04 11:21:00,796 - werkzeug - WARNING -  * Debugger is active!
2022-01-04 11:21:00,816 - werkzeug - INFO -  * Debugger PIN: 568-319-844
2022-01-04 11:21:00,898 - werkzeug - INFO -  * Running on http://127.0.0.1:5000/ (Press CTRL+C to quit)
2022-01-04 11:21:44,705 - werkzeug - INFO -  * Detected change in 'D:\\Test project\\Python\\Flask\\FlaskExercise\\main\\app.py', reloading
2022-01-04 11:29:17,336 - root - DEBUG - order - [{"item": "Sundae", "orderQuantity": 1}, {"item": "Scone", "orderQuantity": 1}]
2022-01-04 11:29:17,351 - root - DEBUG - search - [[6, "Sundae", 45, 0, 0]]
2022-01-04 11:29:17,351 - root - DEBUG - order - len(order):2 len(arr):0
2022-01-04 11:30:28,151 - root - DEBUG - order - [{"item": "Sundae", "orderQuantity": 1}, {"item": "Scone", "orderQuantity": 1}]
2022-01-04 11:30:28,154 - root - DEBUG - search - [[6, "Sundae", 45, 0, 0]]
2022-01-04 11:30:28,155 - root - INFO - order - Error in order operation
2022-01-04 11:30:28,157 - root - DEBUG - order -{"statusCode": 500, "msg": "Order failed", "order": [], "total": 0}
2022-01-04 13:30:15,567 - root - DEBUG - [(1, 'Brownie', 50, 100, 1), (2, 'Tiramisu', 55, 100, 1), (3, 'Macaron', 40, 100, 1), (4, 'Scone', 35, 100, 1), (5, 'Cheesecake', 50, 100, 1), (6, 'Sundae', 45, 0, 0)]
2022-01-04 13:30:15,596 - root - INFO - list - Successfully
2022-01-04 13:30:15,596 - root - DEBUG - list - {"statusCode": 200, "msg": "Successfully", "list": [{"id": 1, "item": "Brownie", "price": 50, "quantity": 100}, {"id": 2, "item": "Tiramisu", "price": 55, "quantity": 100}, {"id": 3, "item": "Macaron", "price": 40, "quantity": 100}, {"id": 4, "item": "Scone", "price": 35, "quantity": 100}, {"id": 5, "item": "Cheesecake", "price": 50, "quantity": 100}]}
2022-01-04 13:30:32,423 - root - DEBUG - [(1, 'Brownie', 50, 100, 1), (2, 'Tiramisu', 55, 100, 1), (3, 'Macaron', 40, 100, 1), (4, 'Scone', 35, 100, 1), (5, 'Cheesecake', 50, 100, 1), (6, 'Sundae', 45, 0, 0)]
2022-01-04 13:30:32,425 - root - INFO - list - Successfully
2022-01-04 13:30:32,427 - root - DEBUG - list - {"statusCode": 200, "msg": "Successfully", "list": [{"id": 1, "item": "Brownie", "price": 50, "quantity": 100}, {"id": 2, "item": "Tiramisu", "price": 55, "quantity": 100}, {"id": 3, "item": "Macaron", "price": 40, "quantity": 100}, {"id": 4, "item": "Scone", "price": 35, "quantity": 100}, {"id": 5, "item": "Cheesecake", "price": 50, "quantity": 100}]}
2022-01-04 22:22:38,502 - root - DEBUG - [(1, 'Brownie', 50, 100, 1), (2, 'Tiramisu', 55, 100, 1), (3, 'Macaron', 40, 100, 1), (4, 'Scone', 35, 100, 1), (5, 'Cheesecake', 50, 100, 1), (6, 'Sundae', 45, 0, 0)]
2022-01-04 22:22:38,536 - root - INFO - list - Successfully
2022-01-04 22:22:38,536 - root - DEBUG - list - {"statusCode": 200, "msg": "Successfully", "list": [{"id": 1, "item": "Brownie", "price": 50, "quantity": 100}, {"id": 2, "item": "Tiramisu", "price": 55, "quantity": 100}, {"id": 3, "item": "Macaron", "price": 40, "quantity": 100}, {"id": 4, "item": "Scone", "price": 35, "quantity": 100}, {"id": 5, "item": "Cheesecake", "price": 50, "quantity": 100}]}
2022-01-04 22:23:04,516 - root - DEBUG - [(1, 'Brownie', 50, 100, 1), (2, 'Tiramisu', 55, 100, 1), (3, 'Macaron', 40, 100, 1), (4, 'Scone', 35, 100, 1), (5, 'Cheesecake', 50, 100, 1), (6, 'Sundae', 45, 0, 0)]
2022-01-04 22:23:04,517 - root - INFO - list - Successfully
2022-01-04 22:23:04,518 - root - DEBUG - list - {"statusCode": 200, "msg": "Successfully", "list": [{"id": 1, "item": "Brownie", "price": 50, "quantity": 100}, {"id": 2, "item": "Tiramisu", "price": 55, "quantity": 100}, {"id": 3, "item": "Macaron", "price": 40, "quantity": 100}, {"id": 4, "item": "Scone", "price": 35, "quantity": 100}, {"id": 5, "item": "Cheesecake", "price": 50, "quantity": 100}]}
